<?xml version="1.0" encoding="UTF-8"?>
<!-- Generated by org.testng.reporters.JUnitXMLReporter -->
<testsuite ignored="0" hostname="LAPTOP-K2CLGN36" failures="0" tests="4" name="Test" time="30.56" errors="0" timestamp="2020-10-07T18:49:58 CEST">
  <testcase classname="soap.testRunner" name="SoapTest" time="15.79"/>
  <testcase classname="soap.testRunnerSingle" name="singleTest" time="1.061"/>
  <testcase classname="soap.testRunner" name="SoapTest" time="0.927"/>
  <testcase classname="rest.restRun" name="ApiLibrary" time="12.711"/>
</testsuite> <!-- Test -->
